#
# There is insufficient memory for the Java Runtime Environment to continue.
# Native memory allocation (mmap) failed to map 67108864 bytes for Failed to commit area from 0x00000000c1600000 to 0x00000000c5600000 of length 67108864.
# Possible reasons:
#   The system is out of physical RAM or swap space
#   The process is running with CompressedOops enabled, and the Java Heap may be blocking the growth of the native heap
# Possible solutions:
#   Reduce memory load on the system
#   Increase physical memory or swap space
#   Check if swap backing store is full
#   Decrease Java heap size (-Xmx/-Xms)
#   Decrease number of Java threads
#   Decrease Java thread stack sizes (-Xss)
#   Set larger code cache with -XX:ReservedCodeCacheSize=
# This output file may be truncated or incomplete.
#
#  Out of Memory Error (./open/src/hotspot/os/windows/os_windows.cpp:3298), pid=11356, tid=17360
#
# JRE version:  (11.0.21+9) (build )
# Java VM: Java HotSpot(TM) 64-Bit Server VM (11.0.21+9-LTS-193, mixed mode, sharing, tiered, compressed oops, g1 gc, windows-amd64)
# No core dump will be written. Minidumps are not enabled by default on client versions of Windows
#

---------------  S U M M A R Y ------------

Command Line: -Dfile.encoding=UTF-8 com.renuka.emphibernate.EmployeeMain

Host: Intel(R) Core(TM) i3-8130U CPU @ 2.20GHz, 4 cores, 3G,  Windows 11 , 64 bit Build 22621 (10.0.22621.3527)
Time: Mon May 20 02:07:49 2024 India Standard Time elapsed time: 0.062045 seconds (0d 0h 0m 0s)

---------------  T H R E A D  ---------------

Current thread (0x0000016adecff000):  JavaThread "Unknown thread" [_thread_in_vm, id=17360, stack(0x0000003726a00000,0x0000003726b00000)]

Stack: [0x0000003726a00000,0x0000003726b00000]
Native frames: (J=compiled Java code, j=interpreted, Vv=VM code, C=native code)
V  [jvm.dll+0x66058a]
V  [jvm.dll+0x7a362f]
V  [jvm.dll+0x7a4cf9]
V  [jvm.dll+0x7a5393]
V  [jvm.dll+0x258f55]
V  [jvm.dll+0x65d8e9]
V  [jvm.dll+0x652495]
V  [jvm.dll+0x31367d]
V  [jvm.dll+0x3134e2]
V  [jvm.dll+0x318116]
V  [jvm.dll+0x360210]
V  [jvm.dll+0x35fc82]
V  [jvm.dll+0x2eed08]
V  [jvm.dll+0x2efe15]
V  [jvm.dll+0x77c687]
V  [jvm.dll+0x77df6f]
V  [jvm.dll+0x36d4b9]
V  [jvm.dll+0x76106f]
V  [jvm.dll+0x3df587]
V  [jvm.dll+0x3e1631]
C  [jli.dll+0x52e7]
C  [ucrtbase.dll+0x29333]
C  [KERNEL32.DLL+0x1257d]
C  [ntdll.dll+0x5aa48]


---------------  P R O C E S S  ---------------

Threads class SMR info:
_java_thread_list=0x0000016adeb86570, length=0, elements={
}

Java Threads: ( => current thread )

Other Threads:
  0x0000016aded17800 GCTaskThread "GC Thread#0" [stack: 0x0000003726b00000,0x0000003726c00000] [id=14300]
  0x0000016aded31000 ConcurrentGCThread "G1 Main Marker" [stack: 0x0000003726c00000,0x0000003726d00000] [id=14916]
  0x0000016aded33000 ConcurrentGCThread "G1 Conc#0" [stack: 0x0000003726d00000,0x0000003726e00000] [id=14848]

[error occurred during error reporting (printing all threads), id 0xc0000005, EXCEPTION_ACCESS_VIOLATION (0xc0000005) at pc=0x00007ff935b5f7c7]

VM state:not at safepoint (not fully initialized)

VM Mutex/Monitor currently owned by a thread:  ([mutex/lock_event])
[0x0000016adecfb020] Heap_lock - owner thread: 0x0000016adecff000

Heap address: 0x00000000c1600000, size: 1002 MB, Compressed Oops mode: Non-zero based: 0x00000000c1600000
Narrow klass base: 0x0000000000000000, Narrow klass shift: 0

GC Heap History (0 events):
No events

Deoptimization events (0 events):
No events

Classes redefined (0 events):
No events

Internal exceptions (0 events):
No events

Events (0 events):
No events


Dynamic libraries:
0x00007ff713ae0000 - 0x00007ff713af0000 	C:\Program Files\Java\jdk-11\bin\javaw.exe
0x00007ff974750000 - 0x00007ff974967000 	C:\WINDOWS\SYSTEM32\ntdll.dll
0x00007ff972500000 - 0x00007ff9725c4000 	C:\WINDOWS\System32\KERNEL32.DLL
0x00007ff971e90000 - 0x00007ff972237000 	C:\WINDOWS\System32\KERNELBASE.dll
0x00007ff972330000 - 0x00007ff972441000 	C:\WINDOWS\System32\ucrtbase.dll
0x00007ff95dea0000 - 0x00007ff95deb9000 	C:\Program Files\Java\jdk-11\bin\jli.dll
0x00007ff972810000 - 0x00007ff9728c2000 	C:\WINDOWS\System32\ADVAPI32.dll
0x00007ff972fd0000 - 0x00007ff973077000 	C:\WINDOWS\System32\msvcrt.dll
0x00007ff9741e0000 - 0x00007ff974288000 	C:\WINDOWS\System32\sechost.dll
0x00007ff972450000 - 0x00007ff972478000 	C:\WINDOWS\System32\bcrypt.dll
0x00007ff972e50000 - 0x00007ff972f65000 	C:\WINDOWS\System32\RPCRT4.dll
0x00007ff974030000 - 0x00007ff9741de000 	C:\WINDOWS\System32\USER32.dll
0x00007ff971b90000 - 0x00007ff971bb6000 	C:\WINDOWS\System32\win32u.dll
0x00007ff973f90000 - 0x00007ff973fb9000 	C:\WINDOWS\System32\GDI32.dll
0x00007ff971a70000 - 0x00007ff971b89000 	C:\WINDOWS\System32\gdi32full.dll
0x00007ff971d30000 - 0x00007ff971dca000 	C:\WINDOWS\System32\msvcp_win.dll
0x00007ff95bef0000 - 0x00007ff95bf0b000 	C:\Program Files\Java\jdk-11\bin\VCRUNTIME140.dll
0x00007ff95fc50000 - 0x00007ff95fee3000 	C:\WINDOWS\WinSxS\amd64_microsoft.windows.common-controls_6595b64144ccf1df_6.0.22621.3527_none_270e469b73872a76\COMCTL32.dll
0x00007ff96aa70000 - 0x00007ff96aa7a000 	C:\WINDOWS\SYSTEM32\VERSION.dll
0x00007ff972f90000 - 0x00007ff972fc1000 	C:\WINDOWS\System32\IMM32.DLL
0x00007ff96c1a0000 - 0x00007ff96c1ac000 	C:\Program Files\Java\jdk-11\bin\vcruntime140_1.dll
0x00007ff95a690000 - 0x00007ff95a71e000 	C:\Program Files\Java\jdk-11\bin\msvcp140.dll
0x00007ff935860000 - 0x00007ff9363cd000 	C:\Program Files\Java\jdk-11\bin\server\jvm.dll
0x00007ff973fd0000 - 0x00007ff973fd8000 	C:\WINDOWS\System32\PSAPI.DLL
0x00007ff95d260000 - 0x00007ff95d269000 	C:\WINDOWS\SYSTEM32\WSOCK32.dll
0x00007ff973080000 - 0x00007ff9730f1000 	C:\WINDOWS\System32\WS2_32.dll
0x00007ff96aba0000 - 0x00007ff96abd4000 	C:\WINDOWS\SYSTEM32\WINMM.dll
0x00007ff970a90000 - 0x00007ff970aa8000 	C:\WINDOWS\SYSTEM32\kernel.appcore.dll
0x00007ff96b600000 - 0x00007ff96b610000 	C:\Program Files\Java\jdk-11\bin\verify.dll
0x00007ff95b0e0000 - 0x00007ff95b312000 	C:\WINDOWS\SYSTEM32\DBGHELP.DLL
0x00007ff973340000 - 0x00007ff9736c8000 	C:\WINDOWS\System32\combase.dll
0x00007ff9725d0000 - 0x00007ff9726a7000 	C:\WINDOWS\System32\OLEAUT32.dll
0x00007ff9611b0000 - 0x00007ff9611e2000 	C:\WINDOWS\SYSTEM32\dbgcore.DLL
0x00007ff972240000 - 0x00007ff9722b9000 	C:\WINDOWS\System32\bcryptPrimitives.dll
0x00007ff95a660000 - 0x00007ff95a688000 	C:\Program Files\Java\jdk-11\bin\java.dll
0x00007ff95de90000 - 0x00007ff95de9a000 	C:\Program Files\Java\jdk-11\bin\jimage.dll
0x00007ff95a640000 - 0x00007ff95a657000 	C:\Program Files\Java\jdk-11\bin\zip.dll

dbghelp: loaded successfully - version: 4.0.5 - missing functions: none
symbol engine: initialized successfully - sym options: 0x614 - pdb path: .;C:\Program Files\Java\jdk-11\bin;C:\WINDOWS\SYSTEM32;C:\WINDOWS\WinSxS\amd64_microsoft.windows.common-controls_6595b64144ccf1df_6.0.22621.3527_none_270e469b73872a76;C:\Program Files\Java\jdk-11\bin\server

VM Arguments:
jvm_args: -Dfile.encoding=UTF-8 
java_command: com.renuka.emphibernate.EmployeeMain
java_class_path (initial): C:\Users\user\eclipse-Downloads\EmployeeHibernateProject\bin;C:\Users\user\Downloads\jar_files\classmate-1.3.0.jar;C:\Users\user\Downloads\jar_files\dom4j-1.6.1.jar;C:\Users\user\Downloads\jar_files\jandex-2.0.3.Final.jar;C:\Users\user\Downloads\jar_files\javassist-3.20.0-GA.jar;C:\Users\user\Downloads\jar_files\antlr-2.7.7.jar;C:\Users\user\Downloads\jar_files\byte-buddy-1.6.14.jar;C:\Users\user\Downloads\jar_files\hibernate-commons-annotations-5.0.1.Final.jar;C:\Users\user\Downloads\jar_files\hibernate-core-5.2.12.Final.jar;C:\Users\user\Downloads\jar_files\hibernate-entitymanager-5.2.12.Final.jar;C:\Users\user\Downloads\jar_files\hibernate-jpa-2.1-api-1.0.0.Final.jar;C:\Users\user\Downloads\jar_files\jboss-logging-3.3.0.Final.jar;C:\Users\user\Downloads\jar_files\jboss-transaction-api_1.2_spec-1.0.1.Final.jar;C:\Users\user\Downloads\jaxb-runtime-4.0.0.jar;C:\Users\user\Downloads\jaxb-impl-3.0.2.jar;C:\Users\user\Downloads\jaxb-api-2.3.0.jar;C:\Users\user\Downloads\activation-1.1.jar;C:\Users\user\Downloads\jaxb-core-2.3.0.jar;C:\Users\user\Downloads\jaxb-impl-2.3.0.jar;C:\Users\user\Downloads\jakarta.xml.bind-api-3.0.1.jar;C:\Users\user\Downloads\hibernate-release-4.3.11.Final\hibernate-release-4.3.11.Final\lib\jpa\hibernate-entitymanager-4.3.11.Final.jar;C:\Users\user\Downloads\hibernate-distribution-3.6.10.Final-dist\hibernate-distribution-3.6.10.Final\hibernate3.jar;C:\Users\user\Downloads\ojdbc8-21.11.0.0.jar
Launcher Type: SUN_STANDARD

[Global flags]
     intx CICompilerCount                          = 3                                         {product} {ergonomic}
     uint ConcGCThreads                            = 1                                         {product} {ergonomic}
     uint G1ConcRefinementThreads                  = 4                                         {product} {ergonomic}
   size_t G1HeapRegionSize                         = 1048576                                   {product} {ergonomic}
    uintx GCDrainStackTargetSize                   = 64                                        {product} {ergonomic}
   size_t InitialHeapSize                          = 67108864                                  {product} {ergonomic}
   size_t MarkStackSize                            = 4194304                                   {product} {ergonomic}
   size_t MaxHeapSize                              = 1050673152                                {product} {ergonomic}
   size_t MinHeapDeltaBytes                        = 1048576                                   {product} {ergonomic}
    uintx NonNMethodCodeHeapSize                   = 5830732                                {pd product} {ergonomic}
    uintx NonProfiledCodeHeapSize                  = 122913754                              {pd product} {ergonomic}
    uintx ProfiledCodeHeapSize                     = 122913754                              {pd product} {ergonomic}
    uintx ReservedCodeCacheSize                    = 251658240                              {pd product} {ergonomic}
     bool SegmentedCodeCache                       = true                                      {product} {ergonomic}
     bool UseCompressedClassPointers               = true                                 {lp64_product} {ergonomic}
     bool UseCompressedOops                        = true                                 {lp64_product} {ergonomic}
     bool UseG1GC                                  = true                                      {product} {ergonomic}
     bool UseLargePagesIndividualAllocation        = false                                  {pd product} {ergonomic}

Logging:
Log output configuration:
 #0: stdout all=warning uptime,level,tags
 #1: stderr all=off uptime,level,tags

Environment Variables:
JAVA_HOME=C:\Program Files\Java\jdk-11
PATH=C:/Users/user/Downloads/eclipse-jee-2023-06-R-win32-x86_64 (1)/eclipse//plugins/org.eclipse.justj.openjdk.hotspot.jre.full.win32.x86_64_17.0.7.v20230425-1502/jre/bin/server;C:/Users/user/Downloads/eclipse-jee-2023-06-R-win32-x86_64 (1)/eclipse//plugins/org.eclipse.justj.openjdk.hotspot.jre.full.win32.x86_64_17.0.7.v20230425-1502/jre/bin;C:\oracle\product\10.2.0\db_1\bin;C:\Program Files\Common Files\Oracle\Java\javapath;C:\app\oracle\product\11.2.0\server\bin;C:\WINDOWS\system32;C:\WINDOWS;C:\WINDOWS\System32\Wbem;C:\WINDOWS\System32\WindowsPowerShell\v1.0\;C:\WINDOWS\System32\OpenSSH\;C:\Program Files\Git\cmd;C:\Program Files\nodejs\;C:\Program Files\Java\jdk-11\bin;C:\Users\user\AppData\Local\Microsoft\WindowsApps;;C:\Users\user\AppData\Local\Programs\Microsoft VS Code\bin;C:\Users\user\AppData\Roaming\npm;C:\Users\user\Downloads\eclipse-jee-2023-06-R-win32-x86_64 (1)\eclipse;
USERNAME=user
OS=Windows_NT
PROCESSOR_IDENTIFIER=Intel64 Family 6 Model 142 Stepping 10, GenuineIntel



---------------  S Y S T E M  ---------------

OS: Windows 11 , 64 bit Build 22621 (10.0.22621.3527)

CPU:total 4 (initial active 4) (2 cores per cpu, 2 threads per core) family 6 model 142 stepping 10 microcode 0xe0, cmov, cx8, fxsr, mmx, sse, sse2, sse3, ssse3, sse4.1, sse4.2, popcnt, avx, avx2, aes, clmul, erms, 3dnowpref, lzcnt, ht, tsc, tscinvbit, bmi1, bmi2, adx, fma

Memory: 4k page, system-wide physical 4005M (169M free)
TotalPageFile size 16293M (AvailPageFile size 32M)
current process WorkingSet (physical memory assigned to process): 10M, peak: 10M
current process commit charge ("private bytes"): 51M, peak: 115M

vm_info: Java HotSpot(TM) 64-Bit Server VM (11.0.21+9-LTS-193) for windows-amd64 JRE (11.0.21+9-LTS-193), built on Sep 13 2023 11:04:38 by "mach5one" with MS VC++ 17.1 (VS2022)

END.
